Wed Dec  9 21:12:21 UTC 2015
@01 instances/adlittle.mps
@01 instances/afiro.mps
@01 instances/agg.mps
@01 instances/beaconfd.mps
@01 instances/blend.mps
@01 instances/bore3d.mps
@01 instances/brandy.mps
@01 instances/capri.mps
@01 instances/etamacro.mps
@01 instances/finnis.mps
@01 instances/grow7.mps
Warning: line 1518: RHS "RHS" for row "REVENUE" ignored
@01 instances/israel.mps
@01 instances/kb2.mps
@01 instances/lotfi.mps
@01 instances/recipe.mps
@01 instances/sc105.mps
@01 instances/sc205.mps
@01 instances/sc50a.mps
@01 instances/sc50b.mps
@01 instances/scagr25.mps
@01 instances/scagr7.mps
@01 instances/scfxm1.mps
@01 instances/scorpion.mps
@01 instances/scrs8.mps
@01 instances/scsd1.mps
@01 instances/seba.mps
@01 instances/share1b.mps
@01 instances/share2b.mps
@01 instances/shell.mps
@01 instances/vtp-base.mps
@01 instances/gas11.mps
@01 instances/bgetam.mps
@01 instances/box1.mps
@01 instances/ex72a.mps
@01 instances/forest6.mps
@01 instances/galenet.mps
@01 instances/gams10am.mps
@01 instances/klein1.mps
@01 instances/refinery.mps
@01 instances/woodinfe.mps
Wed Dec  9 21:12:21 UTC 2015
